kotlin version: 2.2.0
error message: Incremental compilation failed: Failed to close caches
org.jetbrains.kotlin.incremental.CachesManagerCloseException: Failed to close caches
	at org.jetbrains.kotlin.incremental.BaseCompilationTransaction.closeCachesManager(CompilationTransaction.kt:126)
	at org.jetbrains.kotlin.incremental.RecoverableCompilationTransaction.close(CompilationTransaction.kt:251)
	at org.jetbrains.kotlin.incremental.IncrementalCompilerRunner.tryCompileIncrementally(IncrementalCompilerRunner.kt:740)
	at org.jetbrains.kotlin.incremental.IncrementalCompilerRunner.compile(IncrementalCompilerRunner.kt:124)
	at org.jetbrains.kotlin.daemon.CompileServiceImplBase.execIncrementalCompiler(CompileServiceImpl.kt:679)
	at org.jetbrains.kotlin.daemon.CompileServiceImplBase.access$execIncrementalCompiler(CompileServiceImpl.kt:93)
	at org.jetbrains.kotlin.daemon.CompileServiceImpl.compile(CompileServiceImpl.kt:1806)
	at java.base/jdk.internal.reflect.NativeMethodAccessorImpl.invoke0(Native Method)
	at java.base/jdk.internal.reflect.NativeMethodAccessorImpl.invoke(NativeMethodAccessorImpl.java:77)
	at java.base/jdk.internal.reflect.DelegatingMethodAccessorImpl.invoke(DelegatingMethodAccessorImpl.java:43)
	at java.base/java.lang.reflect.Method.invoke(Method.java:569)
	at java.rmi/sun.rmi.server.UnicastServerRef.dispatch(UnicastServerRef.java:360)
	at java.rmi/sun.rmi.transport.Transport$1.run(Transport.java:200)
	at java.rmi/sun.rmi.transport.Transport$1.run(Transport.java:197)
	at java.base/java.security.AccessController.doPrivileged(AccessController.java:712)
	at java.rmi/sun.rmi.transport.Transport.serviceCall(Transport.java:196)
	at java.rmi/sun.rmi.transport.tcp.TCPTransport.handleMessages(TCPTransport.java:587)
	at java.rmi/sun.rmi.transport.tcp.TCPTransport$ConnectionHandler.run0(TCPTransport.java:828)
	at java.rmi/sun.rmi.transport.tcp.TCPTransport$ConnectionHandler.lambda$run$0(TCPTransport.java:705)
	at java.base/java.security.AccessController.doPrivileged(AccessController.java:399)
	at java.rmi/sun.rmi.transport.tcp.TCPTransport$ConnectionHandler.run(TCPTransport.java:704)
	at java.base/java.util.concurrent.ThreadPoolExecutor.runWorker(ThreadPoolExecutor.java:1136)
	at java.base/java.util.concurrent.ThreadPoolExecutor$Worker.run(ThreadPoolExecutor.java:635)
	at java.base/java.lang.Thread.run(Thread.java:840)
Caused by: java.lang.AssertionError: java.lang.Exception: Could not close incremental caches in /Users/amanjeetsingh/Desktop/Workspace/Maestro/maestro-client/build/kotlin/compileTestKotlin/cacheable/caches-jvm/lookups: lookups.tab
	at org.jetbrains.kotlin.com.google.common.io.Closer.close(Closer.java:218)
	at org.jetbrains.kotlin.incremental.IncrementalCachesManager.close(IncrementalCachesManager.kt:55)
	at org.jetbrains.kotlin.incremental.BaseCompilationTransaction.closeCachesManager(CompilationTransaction.kt:123)
	... 23 more
Caused by: java.lang.Exception: Could not close incremental caches in /Users/amanjeetsingh/Desktop/Workspace/Maestro/maestro-client/build/kotlin/compileTestKotlin/cacheable/caches-jvm/lookups: lookups.tab
	at org.jetbrains.kotlin.incremental.storage.BasicMapsOwner.forEachMapSafe(BasicMapsOwner.kt:95)
	at org.jetbrains.kotlin.incremental.storage.BasicMapsOwner.close(BasicMapsOwner.kt:53)
	at org.jetbrains.kotlin.incremental.LookupStorage.close(LookupStorage.kt:155)
	at org.jetbrains.kotlin.com.google.common.io.Closer.close(Closer.java:205)
	... 25 more
	Suppressed: java.lang.RuntimeException: java.io.IOException: No space left on device
		at org.jetbrains.kotlin.com.intellij.util.io.ResizeableMappedFile.expand(ResizeableMappedFile.java:151)
		at org.jetbrains.kotlin.com.intellij.util.io.ResizeableMappedFile.ensureSize(ResizeableMappedFile.java:116)
		at org.jetbrains.kotlin.com.intellij.util.io.ResizeableMappedFile.put(ResizeableMappedFile.java:271)
		at org.jetbrains.kotlin.com.intellij.util.io.keyStorage.AppendableStorageBackedByResizableMappedFile.flushAppendBuffer(AppendableStorageBackedByResizableMappedFile.java:57)
		at org.jetbrains.kotlin.com.intellij.util.io.keyStorage.AppendableStorageBackedByResizableMappedFile.force(AppendableStorageBackedByResizableMappedFile.java:203)
		at org.jetbrains.kotlin.com.intellij.util.io.PersistentEnumeratorBase.force(PersistentEnumeratorBase.java:558)
		at org.jetbrains.kotlin.com.intellij.util.io.PersistentBTreeEnumerator.force(PersistentBTreeEnumerator.java:713)
		at org.jetbrains.kotlin.com.intellij.util.io.PersistentEnumeratorBase.doClose(PersistentEnumeratorBase.java:513)
		at org.jetbrains.kotlin.com.intellij.util.io.PersistentBTreeEnumerator.doClose(PersistentBTreeEnumerator.java:342)
		at org.jetbrains.kotlin.com.intellij.util.io.PersistentEnumeratorBase.close(PersistentEnumeratorBase.java:492)
		at org.jetbrains.kotlin.com.intellij.util.io.PersistentBTreeEnumerator.close(PersistentBTreeEnumerator.java:753)
		at org.jetbrains.kotlin.com.intellij.util.io.PersistentMapImpl.doClose(PersistentMapImpl.java:895)
		at org.jetbrains.kotlin.com.intellij.util.io.PersistentMapImpl.close(PersistentMapImpl.java:863)
		at org.jetbrains.kotlin.com.intellij.util.io.PersistentMapImpl.close(PersistentMapImpl.java:840)
		at org.jetbrains.kotlin.com.intellij.util.io.PersistentHashMap.close(PersistentHashMap.java:234)
		at org.jetbrains.kotlin.incremental.storage.LazyStorage.close(LazyStorage.kt:96)
		at org.jetbrains.kotlin.incremental.storage.InMemoryStorage.close(InMemoryStorage.kt:137)
		at org.jetbrains.kotlin.incremental.storage.AppendableSetBasicMap.close(BasicMap.kt:157)
		at org.jetbrains.kotlin.incremental.storage.BasicMapsOwner$close$1.invoke(BasicMapsOwner.kt:53)
		at org.jetbrains.kotlin.incremental.storage.BasicMapsOwner$close$1.invoke(BasicMapsOwner.kt:53)
		at org.jetbrains.kotlin.incremental.storage.BasicMapsOwner.forEachMapSafe(BasicMapsOwner.kt:87)
		... 28 more
	Caused by: java.io.IOException: No space left on device
		at java.base/sun.nio.ch.FileDispatcherImpl.pwrite0(Native Method)
		at java.base/sun.nio.ch.FileDispatcherImpl.pwrite(FileDispatcherImpl.java:68)
		at java.base/sun.nio.ch.IOUtil.writeFromNativeBuffer(IOUtil.java:130)
		at java.base/sun.nio.ch.IOUtil.write(IOUtil.java:97)
		at java.base/sun.nio.ch.IOUtil.write(IOUtil.java:67)
		at java.base/sun.nio.ch.FileChannelImpl.writeInternal(FileChannelImpl.java:878)
		at java.base/sun.nio.ch.FileChannelImpl.write(FileChannelImpl.java:864)
		at org.jetbrains.kotlin.com.intellij.util.io.ResilientFileChannel.lambda$write$4(ResilientFileChannel.java:126)
		at org.jetbrains.kotlin.com.intellij.util.io.FileChannelInterruptsRetryer.retryIfInterrupted(FileChannelInterruptsRetryer.java:111)
		at org.jetbrains.kotlin.com.intellij.util.io.ResilientFileChannel.write(ResilientFileChannel.java:124)
		at org.jetbrains.kotlin.com.intellij.util.io.PagedFileStorage.lambda$resize$6(PagedFileStorage.java:363)
		at org.jetbrains.kotlin.com.intellij.util.io.StorageLockContext.executeOp(StorageLockContext.java:114)
		at org.jetbrains.kotlin.com.intellij.util.io.PagedFileStorage.resize(PagedFileStorage.java:362)
		at org.jetbrains.kotlin.com.intellij.util.io.ResizeableMappedFile.expand(ResizeableMappedFile.java:148)
		... 48 more


error message: Daemon compilation failed: Connection to the Kotlin daemon has been unexpectedly lost. This might be caused by the daemon being killed by another process or the operating system, or by JVM crash.
org.jetbrains.kotlin.gradle.tasks.DaemonCrashedException: Connection to the Kotlin daemon has been unexpectedly lost. This might be caused by the daemon being killed by another process or the operating system, or by JVM crash.
	at org.jetbrains.kotlin.gradle.tasks.TasksUtilsKt.wrapCompilationExceptionIfNeeded(tasksUtils.kt:54)
	at org.jetbrains.kotlin.gradle.tasks.TasksUtilsKt.wrapAndRethrowCompilationException(tasksUtils.kt:65)
	at org.jetbrains.kotlin.compilerRunner.GradleKotlinCompilerWork.compileWithDaemon(GradleKotlinCompilerWork.kt:243)
	at org.jetbrains.kotlin.compilerRunner.GradleKotlinCompilerWork.compileWithDaemonOrFallbackImpl(GradleKotlinCompilerWork.kt:159)
	at org.jetbrains.kotlin.compilerRunner.GradleKotlinCompilerWork.run(GradleKotlinCompilerWork.kt:111)
	at org.jetbrains.kotlin.compilerRunner.GradleCompilerRunnerWithWorkers$GradleKotlinCompilerWorkAction.execute(GradleCompilerRunnerWithWorkers.kt:74)
	at org.gradle.workers.internal.DefaultWorkerServer.execute(DefaultWorkerServer.java:63)
	at org.gradle.workers.internal.NoIsolationWorkerFactory$1$1.create(NoIsolationWorkerFactory.java:66)
	at org.gradle.workers.internal.NoIsolationWorkerFactory$1$1.create(NoIsolationWorkerFactory.java:62)
	at org.gradle.internal.classloader.ClassLoaderUtils.executeInClassloader(ClassLoaderUtils.java:100)
	at org.gradle.workers.internal.NoIsolationWorkerFactory$1.lambda$execute$0(NoIsolationWorkerFactory.java:62)
	at org.gradle.workers.internal.AbstractWorker$1.call(AbstractWorker.java:44)
	at org.gradle.workers.internal.AbstractWorker$1.call(AbstractWorker.java:41)
	at org.gradle.internal.operations.DefaultBuildOperationRunner$CallableBuildOperationWorker.execute(DefaultBuildOperationRunner.java:210)
	at org.gradle.internal.operations.DefaultBuildOperationRunner$CallableBuildOperationWorker.execute(DefaultBuildOperationRunner.java:205)
	at org.gradle.internal.operations.DefaultBuildOperationRunner$2.execute(DefaultBuildOperationRunner.java:67)
	at org.gradle.internal.operations.DefaultBuildOperationRunner$2.execute(DefaultBuildOperationRunner.java:60)
	at org.gradle.internal.operations.DefaultBuildOperationRunner.execute(DefaultBuildOperationRunner.java:167)
	at org.gradle.internal.operations.DefaultBuildOperationRunner.execute(DefaultBuildOperationRunner.java:60)
	at org.gradle.internal.operations.DefaultBuildOperationRunner.call(DefaultBuildOperationRunner.java:54)
	at org.gradle.workers.internal.AbstractWorker.executeWrappedInBuildOperation(AbstractWorker.java:41)
	at org.gradle.workers.internal.NoIsolationWorkerFactory$1.execute(NoIsolationWorkerFactory.java:59)
	at org.gradle.workers.internal.DefaultWorkerExecutor.lambda$submitWork$0(DefaultWorkerExecutor.java:174)
	at java.base/java.util.concurrent.FutureTask.run(FutureTask.java:264)
	at org.gradle.internal.work.DefaultConditionalExecutionQueue$ExecutionRunner.runExecution(DefaultConditionalExecutionQueue.java:194)
	at org.gradle.internal.work.DefaultConditionalExecutionQueue$ExecutionRunner.access$700(DefaultConditionalExecutionQueue.java:127)
	at org.gradle.internal.work.DefaultConditionalExecutionQueue$ExecutionRunner$1.run(DefaultConditionalExecutionQueue.java:169)
	at org.gradle.internal.Factories$1.create(Factories.java:31)
	at org.gradle.internal.work.DefaultWorkerLeaseService.withLocks(DefaultWorkerLeaseService.java:263)
	at org.gradle.internal.work.DefaultWorkerLeaseService.runAsWorkerThread(DefaultWorkerLeaseService.java:127)
	at org.gradle.internal.work.DefaultWorkerLeaseService.runAsWorkerThread(DefaultWorkerLeaseService.java:132)
	at org.gradle.internal.work.DefaultConditionalExecutionQueue$ExecutionRunner.runBatch(DefaultConditionalExecutionQueue.java:164)
	at org.gradle.internal.work.DefaultConditionalExecutionQueue$ExecutionRunner.run(DefaultConditionalExecutionQueue.java:133)
	at java.base/java.util.concurrent.Executors$RunnableAdapter.call(Executors.java:539)
	at java.base/java.util.concurrent.FutureTask.run(FutureTask.java:264)
	at org.gradle.internal.concurrent.ExecutorPolicy$CatchAndRecordFailures.onExecute(ExecutorPolicy.java:64)
	at org.gradle.internal.concurrent.AbstractManagedExecutor$1.run(AbstractManagedExecutor.java:48)
	at java.base/java.util.concurrent.ThreadPoolExecutor.runWorker(ThreadPoolExecutor.java:1136)
	at java.base/java.util.concurrent.ThreadPoolExecutor$Worker.run(ThreadPoolExecutor.java:635)
	at java.base/java.lang.Thread.run(Thread.java:840)
Caused by: java.rmi.UnmarshalException: error unmarshalling return; nested exception is: 
	java.lang.ClassNotFoundException: org.jetbrains.kotlin.com.intellij.util.io.CorruptedException (no security manager: RMI class loader disabled)
	at java.rmi/sun.rmi.server.UnicastRef.invoke(UnicastRef.java:198)
	at java.rmi/java.rmi.server.RemoteObjectInvocationHandler.invokeRemoteMethod(RemoteObjectInvocationHandler.java:215)
	at java.rmi/java.rmi.server.RemoteObjectInvocationHandler.invoke(RemoteObjectInvocationHandler.java:160)
	at jdk.proxy6/jdk.proxy6.$Proxy160.compile(Unknown Source)
	at org.jetbrains.kotlin.compilerRunner.GradleKotlinCompilerWork.incrementalCompilationWithDaemon(GradleKotlinCompilerWork.kt:328)
	at org.jetbrains.kotlin.compilerRunner.GradleKotlinCompilerWork.compileWithDaemon(GradleKotlinCompilerWork.kt:235)
	... 37 more
Caused by: java.lang.ClassNotFoundException: org.jetbrains.kotlin.com.intellij.util.io.CorruptedException (no security manager: RMI class loader disabled)
	at java.rmi/sun.rmi.server.LoaderHandler.loadClass(LoaderHandler.java:401)
	at java.rmi/sun.rmi.server.LoaderHandler.loadClass(LoaderHandler.java:188)
	at java.rmi/java.rmi.server.RMIClassLoader$2.loadClass(RMIClassLoader.java:639)
	at java.rmi/java.rmi.server.RMIClassLoader.loadClass(RMIClassLoader.java:265)
	at java.rmi/sun.rmi.server.MarshalInputStream.resolveClass(MarshalInputStream.java:199)
	at java.base/java.io.ObjectInputStream.readNonProxyDesc(ObjectInputStream.java:2034)
	at java.base/java.io.ObjectInputStream.readClassDesc(ObjectInputStream.java:1898)
	at java.base/java.io.ObjectInputStream.readOrdinaryObject(ObjectInputStream.java:2224)
	at java.base/java.io.ObjectInputStream.readObject0(ObjectInputStream.java:1733)
	at java.base/java.io.ObjectInputStream.readObject(ObjectInputStream.java:509)
	at java.base/java.io.ObjectInputStream.readObject(ObjectInputStream.java:467)
	at java.base/java.util.ArrayList.readObject(ArrayList.java:899)
	at java.base/jdk.internal.reflect.GeneratedMethodAccessor162.invoke(Unknown Source)
	at java.base/jdk.internal.reflect.DelegatingMethodAccessorImpl.invoke(DelegatingMethodAccessorImpl.java:43)
	at java.base/java.lang.reflect.Method.invoke(Method.java:569)
	at java.base/java.io.ObjectStreamClass.invokeReadObject(ObjectStreamClass.java:1100)
	at java.base/java.io.ObjectInputStream.readSerialData(ObjectInputStream.java:2423)
	at java.base/java.io.ObjectInputStream.readOrdinaryObject(ObjectInputStream.java:2257)
	at java.base/java.io.ObjectInputStream.readObject0(ObjectInputStream.java:1733)
	at java.base/java.io.ObjectInputStream$FieldValues.<init>(ObjectInputStream.java:2606)
	at java.base/java.io.ObjectInputStream.defaultReadObject(ObjectInputStream.java:647)
	at java.base/java.lang.Throwable.readObject(Throwable.java:912)
	at java.base/jdk.internal.reflect.NativeMethodAccessorImpl.invoke0(Native Method)
	at java.base/jdk.internal.reflect.NativeMethodAccessorImpl.invoke(NativeMethodAccessorImpl.java:77)
	at java.base/jdk.internal.reflect.DelegatingMethodAccessorImpl.invoke(DelegatingMethodAccessorImpl.java:43)
	at java.base/java.lang.reflect.Method.invoke(Method.java:569)
	at java.base/java.io.ObjectStreamClass.invokeReadObject(ObjectStreamClass.java:1100)
	at java.base/java.io.ObjectInputStream.readSerialData(ObjectInputStream.java:2423)
	at java.base/java.io.ObjectInputStream.readOrdinaryObject(ObjectInputStream.java:2257)
	at java.base/java.io.ObjectInputStream.readObject0(ObjectInputStream.java:1733)
	at java.base/java.io.ObjectInputStream$FieldValues.<init>(ObjectInputStream.java:2606)
	at java.base/java.io.ObjectInputStream.defaultReadObject(ObjectInputStream.java:647)
	at java.base/java.lang.Throwable.readObject(Throwable.java:912)
	at java.base/jdk.internal.reflect.NativeMethodAccessorImpl.invoke0(Native Method)
	at java.base/jdk.internal.reflect.NativeMethodAccessorImpl.invoke(NativeMethodAccessorImpl.java:77)
	at java.base/jdk.internal.reflect.DelegatingMethodAccessorImpl.invoke(DelegatingMethodAccessorImpl.java:43)
	at java.base/java.lang.reflect.Method.invoke(Method.java:569)
	at java.base/java.io.ObjectStreamClass.invokeReadObject(ObjectStreamClass.java:1100)
	at java.base/java.io.ObjectInputStream.readSerialData(ObjectInputStream.java:2423)
	at java.base/java.io.ObjectInputStream.readOrdinaryObject(ObjectInputStream.java:2257)
	at java.base/java.io.ObjectInputStream.readObject0(ObjectInputStream.java:1733)
	at java.base/java.io.ObjectInputStream$FieldValues.<init>(ObjectInputStream.java:2606)
	at java.base/java.io.ObjectInputStream.readSerialData(ObjectInputStream.java:2457)
	at java.base/java.io.ObjectInputStream.readOrdinaryObject(ObjectInputStream.java:2257)
	at java.base/java.io.ObjectInputStream.readObject0(ObjectInputStream.java:1733)
	at java.base/java.io.ObjectInputStream.readObject(ObjectInputStream.java:509)
	at java.base/java.io.ObjectInputStream.readObject(ObjectInputStream.java:467)
	at java.rmi/sun.rmi.server.UnicastRef.unmarshalValue(UnicastRef.java:328)
	at java.rmi/sun.rmi.server.UnicastRef.invoke(UnicastRef.java:178)
	... 42 more


